<?xml version="1.0" encoding="UTF-8"?>
<testng-results ignored="0" total="1" passed="1" failed="0" skipped="0">
  <reporter-output>
  </reporter-output>
  <suite started-at="2023-06-04T20:33:59 IST" name="Default suite" finished-at="2023-06-04T20:34:16 IST" duration-ms="17286">
    <groups>
    </groups>
    <test started-at="2023-06-04T20:33:59 IST" name="Default test" finished-at="2023-06-04T20:34:16 IST" duration-ms="17286">
      <class name="com.actitime.testscript.CusomerModule">
        <test-method is-config="true" signature="openBrowser()[pri:0, instance:com.actitime.testscript.CusomerModule@8ad6665]" started-at="2023-06-04T20:33:59 IST" name="openBrowser" finished-at="2023-06-04T20:34:03 IST" duration-ms="3591" status="PASS">
          <reporter-output>
          </reporter-output>
        </test-method> <!-- openBrowser -->
        <test-method is-config="true" signature="login()[pri:0, instance:com.actitime.testscript.CusomerModule@8ad6665]" started-at="2023-06-04T20:34:03 IST" name="login" finished-at="2023-06-04T20:34:12 IST" duration-ms="9022" status="PASS">
          <reporter-output>
          </reporter-output>
        </test-method> <!-- login -->
        <test-method signature="createCustomer()[pri:0, instance:com.actitime.testscript.CusomerModule@8ad6665]" started-at="2023-06-04T20:34:12 IST" name="createCustomer" finished-at="2023-06-04T20:34:16 IST" duration-ms="4275" status="PASS">
          <reporter-output>
          </reporter-output>
        </test-method> <!-- createCustomer -->
        <test-method is-config="true" signature="closeBrowser()[pri:0, instance:com.actitime.testscript.CusomerModule@8ad6665]" started-at="2023-06-04T20:34:16 IST" name="closeBrowser" finished-at="2023-06-04T20:34:16 IST" duration-ms="316" status="PASS">
          <reporter-output>
          </reporter-output>
        </test-method> <!-- closeBrowser -->
      </class> <!-- com.actitime.testscript.CusomerModule -->
    </test> <!-- Default test -->
  </suite> <!-- Default suite -->
</testng-results>
